Determining if the pthread_create exist failed with the following output:
Change Dir: /home/jendav/catkin_ws/build/CMakeFiles/CMakeTmp

Run Build Command:/usr/bin/make "cmTryCompileExec1253710509/fast"
/usr/bin/make -f CMakeFiles/cmTryCompileExec1253710509.dir/build.make CMakeFiles/cmTryCompileExec1253710509.dir/build
make[1]: Entering directory `/home/jendav/catkin_ws/build/CMakeFiles/CMakeTmp'
/usr/bin/cmake -E cmake_progress_report /home/jendav/catkin_ws/build/CMakeFiles/CMakeTmp/CMakeFiles 1
Building C object CMakeFiles/cmTryCompileExec1253710509.dir/CheckSymbolExists.c.o
/usr/bin/cc    -o CMakeFiles/cmTryCompileExec1253710509.dir/CheckSymbolExists.c.o   -c /home/jendav/catkin_ws/build/CMakeFiles/CMakeTmp/CheckSymbolExists.c
Linking C executable cmTryCompileExec1253710509
/usr/bin/cmake -E cmake_link_script CMakeFiles/cmTryCompileExec1253710509.dir/link.txt --verbose=1
/usr/bin/cc       CMakeFiles/cmTryCompileExec1253710509.dir/CheckSymbolExists.c.o  -o cmTryCompileExec1253710509 -rdynamic 
CMakeFiles/cmTryCompileExec1253710509.dir/CheckSymbolExists.c.o: In function `main':
CheckSymbolExists.c:(.text+0x16): undefined reference to `pthread_create'
collect2: error: ld returned 1 exit status
make[1]: *** [cmTryCompileExec1253710509] Error 1
make[1]: Leaving directory `/home/jendav/catkin_ws/build/CMakeFiles/CMakeTmp'
make: *** [cmTryCompileExec1253710509/fast] Error 2

File /home/jendav/catkin_ws/build/CMakeFiles/CMakeTmp/CheckSymbolExists.c:
/* */
#include <pthread.h>

int main(int argc, char** argv)
{
  (void)argv;
#ifndef pthread_create
  return ((int*)(&pthread_create))[argc];
#else
  (void)argc;
  return 0;
#endif
}

Determining if the function pthread_create exists in the pthreads failed with the following output:
Change Dir: /home/jendav/catkin_ws/build/CMakeFiles/CMakeTmp

Run Build Command:/usr/bin/make "cmTryCompileExec3709954995/fast"
/usr/bin/make -f CMakeFiles/cmTryCompileExec3709954995.dir/build.make CMakeFiles/cmTryCompileExec3709954995.dir/build
make[1]: Entering directory `/home/jendav/catkin_ws/build/CMakeFiles/CMakeTmp'
/usr/bin/cmake -E cmake_progress_report /home/jendav/catkin_ws/build/CMakeFiles/CMakeTmp/CMakeFiles 1
Building C object CMakeFiles/cmTryCompileExec3709954995.dir/CheckFunctionExists.c.o
/usr/bin/cc   -DCHECK_FUNCTION_EXISTS=pthread_create   -o CMakeFiles/cmTryCompileExec3709954995.dir/CheckFunctionExists.c.o   -c /usr/share/cmake-2.8/Modules/CheckFunctionExists.c
Linking C executable cmTryCompileExec3709954995
/usr/bin/cmake -E cmake_link_script CMakeFiles/cmTryCompileExec3709954995.dir/link.txt --verbose=1
/usr/bin/cc   -DCHECK_FUNCTION_EXISTS=pthread_create    CMakeFiles/cmTryCompileExec3709954995.dir/CheckFunctionExists.c.o  -o cmTryCompileExec3709954995 -rdynamic -lpthreads 
/usr/bin/ld: cannot find -lpthreads
collect2: error: ld returned 1 exit status
make[1]: Leaving directory `/home/jendav/catkin_ws/build/CMakeFiles/CMakeTmp'
make[1]: *** [cmTryCompileExec3709954995] Error 1
make: *** [cmTryCompileExec3709954995/fast] Error 2


Determining if the include file pgm.h exists failed with the following output:
Change Dir: /home/jendav/catkin_ws/build/CMakeFiles/CMakeTmp

Run Build Command:/usr/bin/make "cmTryCompileExec295857658/fast"
/usr/bin/make -f CMakeFiles/cmTryCompileExec295857658.dir/build.make CMakeFiles/cmTryCompileExec295857658.dir/build
make[1]: Entering directory `/home/jendav/catkin_ws/build/CMakeFiles/CMakeTmp'
/usr/bin/cmake -E cmake_progress_report /home/jendav/catkin_ws/build/CMakeFiles/CMakeTmp/CMakeFiles 1
Building CXX object CMakeFiles/cmTryCompileExec295857658.dir/CheckIncludeFile.cxx.o
/usr/bin/c++    -Wno-deprecated    -o CMakeFiles/cmTryCompileExec295857658.dir/CheckIncludeFile.cxx.o -c /home/jendav/catkin_ws/build/CMakeFiles/CMakeTmp/CheckIncludeFile.cxx
/home/jendav/catkin_ws/build/CMakeFiles/CMakeTmp/CheckIncludeFile.cxx:1:17: fatal error: pgm.h: No such file or directory
 #include <pgm.h>
                 ^
compilation terminated.
make[1]: *** [CMakeFiles/cmTryCompileExec295857658.dir/CheckIncludeFile.cxx.o] Error 1
make[1]: Leaving directory `/home/jendav/catkin_ws/build/CMakeFiles/CMakeTmp'
make: *** [cmTryCompileExec295857658/fast] Error 2


